env: load .env
env: export EXPO_PUBLIC_SUPABASE_URL EXPO_PUBLIC_SUPABASE_ANON_KEY EXPO_PUBLIC_EAS_PROJECT_ID
Starting project at C:\Users\Harsh\OneDrive\BUILDORBIT\Circle care
Using src/app as the root directory for Expo Router.
React Compiler enabled
Starting Metro Bundler
Waiting on http://localhost:8081
Logs for your project will appear below.
Web node_modules\expo-router\entry.js ░░░░░░░░░░░░░░░░  0.0% (0/1)
λ node_modules\expo-router\node\render.js ░░░░░░░░░░░░░░░░  0.0% (0/1)
λ Bundled 3074ms node_modules\expo-router\node\render.js (1222 modules)
Web node_modules\expo-router\entry.js ▓▓▓▓▓▓▓▓▓▓▓▓▓▓▓░ 99.9% (1249/1249)
Web Bundled 6112ms node_modules\expo-router\entry.js (1249 modules)
Web node_modules\expo-router\entry.js ░░░░░░░░░░░░░░░░  0.0% (0/1)
Web Bundled 807ms node_modules\expo-router\entry.js (1232 modules)
 LOG  [web] Logs will appear in the browser console
Web node_modules\expo-router\entry.js ░░░░░░░░░░░░░░░░  0.0% (0/1)
λ Bundled 358ms node_modules\expo-router\node\render.js (1 module)
λ Bundled 603ms node_modules\expo-router\node\render.js (1 module)
λ Bundled 56ms node_modules\expo-router\node\render.js (1 module)
λ Bundled 55ms node_modules\expo-router\node\render.js (1 module)
Web node_modules\expo-router\entry.js ░░░░░░░░░░░░░░░░  0.0% (0/1)
Web node_modules\expo-router\entry.js ░░░░░░░░░░░░░░░░  0.0% (0/1)
Web node_modules\expo-router\entry.js ░░░░░░░░░░░░░░░░  0.0% (0/1)
Web node_modules\expo-router\entry.js ░░░░░░░░░░░░░░░░  0.0% (0/1)
Web Bundled 7905ms node_modules\expo-router\entry.js (1 module)
Web node_modules\expo-router\entry.js ░░░░░░░░░░░░░░░░  0.0% (0/1)
Web node_modules\expo-router\entry.js ░░░░░░░░░░░░░░░░  0.0% (0/1)
Web node_modules\expo-router\entry.js ░░░░░░░░░░░░░░░░  0.0% (0/1)
Web node_modules\expo-router\entry.js ░░░░░░░░░░░░░░░░  0.0% (0/1)
Web Bundled 6435ms node_modules\expo-router\entry.js (1 module)
Web Bundled 7279ms node_modules\expo-router\entry.js (1 module)
Web Bundled 6370ms node_modules\expo-router\entry.js (1 module)
Web node_modules\expo-router\entry.js ░░░░░░░░░░░░░░░░  0.0% (0/1)
λ Bundled 56ms node_modules\expo-router\node\render.js (1 module)
Web Bundled 1805ms node_modules\expo-router\entry.js (1 module)
Web Bundled 96ms node_modules\expo-router\entry.js (1 module)
 LOG  [web] Logs will appear in the browser console
Web node_modules\expo-router\entry.js ░░░░░░░░░░░░░░░░  0.0% (0/1)
λ Bundled 795ms node_modules\expo-router\node\render.js (1 module)
Web Bundled 2874ms node_modules\expo-router\entry.js (1 module)
Web node_modules\expo-router\entry.js ░░░░░░░░░░░░░░░░  0.0% (0/1)
Web Bundled 467ms node_modules\expo-router\entry.js (1 module)
 LOG  [web] Logs will appear in the browser console
Web node_modules\expo-router\entry.js ░░░░░░░░░░░░░░░░  0.0% (0/1)
λ Bundled 722ms node_modules\expo-router\node\render.js (1 module)
Web node_modules\expo-router\entry.js ░░░░░░░░░░░░░░░░  0.0% (0/1)
Web Bundled 3624ms node_modules\expo-router\entry.js (1 module)
Web Bundled 903ms node_modules\expo-router\entry.js (1 module)
 LOG  [web] Logs will appear in the browser console
Web node_modules\expo-router\entry.js ░░░░░░░░░░░░░░░░  0.0% (0/1)
λ Bundled 95ms node_modules\expo-router\node\render.js (1 module)
Web Bundled 2164ms node_modules\expo-router\entry.js (1 module)
Web Bundled 99ms node_modules\expo-router\entry.js (1 module)
 LOG  [web] Logs will appear in the browser console
Web node_modules\expo-router\entry.js ░░░░░░░░░░░░░░░░  0.0% (0/1)
λ Bundled 77ms node_modules\expo-router\node\render.js (1 module)
Web node_modules\expo-router\entry.js ░░░░░░░░░░░░░░░░  0.0% (0/1)
Web Bundled 4073ms node_modules\expo-router\entry.js (1 module)
Web node_modules\expo-router\entry.js ░░░░░░░░░░░░░░░░  0.0% (0/1)
Web Bundled 58ms node_modules\expo-router\entry.js (1 module)
 LOG  [web] Logs will appear in the browser console
λ Bundled 35ms node_modules\expo-router\node\render.js (1 module)
Web Bundled 864ms node_modules\expo-router\entry.js (1 module)
Web Bundled 81ms node_modules\expo-router\entry.js (1 module)
 LOG  [web] Logs will appear in the browser console
Web node_modules\expo-router\entry.js ░░░░░░░░░░░░░░░░  0.0% (0/1)
λ Bundled 81ms node_modules\expo-router\node\render.js (1 module)
Web Bundled 1905ms node_modules\expo-router\entry.js (1 module)
Web Bundled 37ms node_modules\expo-router\entry.js (1 module)
 LOG  [web] Logs will appear in the browser console
Web node_modules\expo-router\entry.js ░░░░░░░░░░░░░░░░  0.0% (0/1)
λ Bundled 33ms node_modules\expo-router\node\render.js (1 module)
Web node_modules\expo-router\entry.js ░░░░░░░░░░░░░░░░  0.0% (0/1)
Web Bundled 3502ms node_modules\expo-router\entry.js (1 module)
Web Bundled 340ms node_modules\expo-router\entry.js (1 module)
 LOG  [web] Logs will appear in the browser console
Web node_modules\expo-router\entry.js ░░░░░░░░░░░░░░░░  0.0% (0/1)
λ Bundled 168ms node_modules\expo-router\node\render.js (1 module)
Web Bundled 1926ms node_modules\expo-router\entry.js (1 module)
Web Bundled 50ms node_modules\expo-router\entry.js (1 module)
 LOG  [web] Logs will appear in the browser console
Web node_modules\expo-router\entry.js ░░░░░░░░░░░░░░░░  0.0% (0/1)
λ Bundled 287ms node_modules\expo-router\node\render.js (1 module)
Web Bundled 2195ms node_modules\expo-router\entry.js (1 module)
Web Bundled 162ms node_modules\expo-router\entry.js (1 module)
 LOG  [web] Logs will appear in the browser console
Web node_modules\expo-router\entry.js ░░░░░░░░░░░░░░░░  0.0% (0/1)
λ Bundled 196ms node_modules\expo-router\node\render.js (1 module)
Web Bundled 2219ms node_modules\expo-router\entry.js (1 module)
Web Bundled 105ms node_modules\expo-router\entry.js (1 module)
 LOG  [web] Logs will appear in the browser console
λ Bundled 63ms node_modules\expo-router\node\render.js (1 module)
Web Bundled 711ms node_modules\expo-router\entry.js (1 module)
Web Bundled 40ms node_modules\expo-router\entry.js (1 module)
 LOG  [web] Logs will appear in the browser console
λ Bundled 43ms node_modules\expo-router\node\render.js (1 module)
Web Bundled 713ms node_modules\expo-router\entry.js (1 module)
Web Bundled 44ms node_modules\expo-router\entry.js (1 module)
 LOG  [web] Logs will appear in the browser console
Web node_modules\expo-router\entry.js ░░░░░░░░░░░░░░░░  0.0% (0/1)
λ Bundled 33ms node_modules\expo-router\node\render.js (1 module)
Web Bundled 578ms node_modules\expo-router\entry.js (1 module)
Web Bundled 43ms node_modules\expo-router\entry.js (1 module)
 LOG  [web] Logs will appear in the browser console
λ Bundled 34ms node_modules\expo-router\node\render.js (1 module)
Web node_modules\expo-router\entry.js ░░░░░░░░░░░░░░░░  0.0% (0/1)
Web Bundled 582ms node_modules\expo-router\entry.js (1 module)
Web Bundled 45ms node_modules\expo-router\entry.js (1 module)
 LOG  [web] Logs will appear in the browser console
λ Bundled 24ms node_modules\expo-router\node\render.js (1 module)
Web Bundled 562ms node_modules\expo-router\entry.js (1 module)
Web node_modules\expo-router\entry.js ░░░░░░░░░░░░░░░░  0.0% (0/1)
Web Bundled 51ms node_modules\expo-router\entry.js (1 module)
 LOG  [web] Logs will appear in the browser console
Web node_modules\expo-router\entry.js ░░░░░░░░░░░░░░░░  0.0% (0/1)
λ Bundled 490ms node_modules\expo-router\node\render.js (1 module)
Web Bundled 2132ms node_modules\expo-router\entry.js (1 module)
Web Bundled 125ms node_modules\expo-router\entry.js (1 module)
Web node_modules\expo-router\entry.js ░░░░░░░░░░░░░░░░  0.0% (0/1)
λ Bundled 89ms node_modules\expo-router\node\render.js (1 module)
Web Bundled 1685ms node_modules\expo-router\entry.js (1 module)
Web Bundled 258ms node_modules\expo-router\entry.js (1 module)
Web node_modules\expo-router\entry.js ░░░░░░░░░░░░░░░░  0.0% (0/1)
λ Bundled 79ms node_modules\expo-router\node\render.js (1 module)
Web Bundled 836ms node_modules\expo-router\entry.js (1 module)
Web Bundled 64ms node_modules\expo-router\entry.js (1 module)
