"shadow*" style props are deprecated. Use "boxShadow".
[expo-notifications] Listening to push token changes is not yet fully supported on web. Adding a listener will have no effect.
"shadow*" style props are deprecated. Use "boxShadow".
[expo-notifications] Listening to push token changes is not yet fully supported on web. Adding a listener will have no effect.
"shadow*" style props are deprecated. Use "boxShadow".
[expo-notifications] Listening to push token changes is not yet fully supported on web. Adding a listener will have no effect.
"shadow*" style props are deprecated. Use "boxShadow".
[expo-notifications] Listening to push token changes is not yet fully supported on web. Adding a listener will have no effect.
Error: Cannot pipe to a closed or destroyed stream
    at pipelineImpl (node:internal/streams/pipeline:264:15)
    at node:stream/promises:31:5
    at new Promise (<anonymous>)
    at pipeline (node:stream/promises:20:10)
    at respond (C:\Users\Harsh\OneDrive\BUILDORBIT\Circle care\node_modules\expo-server\src\vendor\http.ts:138:19)
    at C:\Users\Harsh\OneDrive\BUILDORBIT\Circle care\node_modules\expo-server\src\vendor\http.ts:68:13
"shadow*" style props are deprecated. Use "boxShadow".
[expo-notifications] Listening to push token changes is not yet fully supported on web. Adding a listener will have no effect.
"shadow*" style props are deprecated. Use "boxShadow".
[expo-notifications] Listening to push token changes is not yet fully supported on web. Adding a listener will have no effect.
"shadow*" style props are deprecated. Use "boxShadow".
[expo-notifications] Listening to push token changes is not yet fully supported on web. Adding a listener will have no effect.
